C51 COMPILER V9.60.0.0   MAIN                                                              09/04/2020 11:15:11 PAGE 1   


C51 COMPILER V9.60.0.0, COMPILATION OF MODULE MAIN
OBJECT MODULE PLACED IN ..\obj\main.obj
COMPILER INVOKED BY: D:\Keil_v5\C51\BIN\C51.EXE ..\code\main.c OPTIMIZE(8,SPEED) BROWSE INCDIR(..\code;..\user) DEBUG OB
                    -JECTEXTEND PRINT(.\main.lst) TABS(2) OBJECT(..\obj\main.obj)

line level    source

   1          /***************************绿深旗舰店****************************
   2          **  CPU: STC11L08XE
   3          **  晶振：22.1184MHZ
   4          **  波特率：9600 bit/S
   5          **  口令模式： 即每次识别时都需要说“小杰”这个口令 ，才能够进行下一级的识别
   6          /****************************绿深旗舰店*****************************/
   7          
   8          
   9          #include "config.h"
  10          /************************************************************************************/
  11          //  nAsrStatus 用来在main主程序中表示程序运行的状态，不是LD3320芯片内部的状态寄存器
  12          //  LD_ASR_NONE:    表示没有在作ASR识别
  13          //  LD_ASR_RUNING：   表示LD3320正在作ASR识别中
  14          //  LD_ASR_FOUNDOK:   表示一次识别流程结束后，有一个识别结果
  15          //  LD_ASR_FOUNDZERO: 表示一次识别流程结束后，没有识别结果
  16          //  LD_ASR_ERROR:   表示一次识别流程中LD3320芯片内部出现不正确的状态
  17          /***********************************************************************************/
  18          uint8 idata nAsrStatus=0;
  19          void MCU_init();
  20          void ProcessInt0(); //识别处理函数
  21          void delay(unsigned long uldata);
  22          void User_handle(uint8 dat);//用户执行操作函数
  23          void Delay200ms();
  24          void Led_test(void);//单片机工作指示
  25          uint8_t G0_flag=DISABLE;//运行标志，ENABLE:运行。DISABLE:禁止运行
  26          
  27          sbit LED=P4^2;//信号指示灯
  28          
  29          sbit SRD1 = P1^7;
  30          sbit SRD2 = P1^6;
  31          sbit SRD3 = P1^5;
  32          sbit SRD4 = P1^4;
  33          
  34          //BY8301
  35          sbit OUT1=P2^7;
  36          sbit OUT2=P2^6;
  37          sbit OUT3=P2^5;
  38          
  39          //Arduino
  40          sbit OUT4=P3^4;
  41          sbit OUT5=P3^3;
  42          sbit OUT6=P2^3;
  43          sbit OUT7=P2^4;
  44          
  45          /***********************************************************
  46          * 名    称： void  main(void)
  47          * 功    能： 主函数 程序入口
  48          * 入口参数：
  49          * 出口参数：
  50          * 说    明：
  51          * 调用方法：
  52          **********************************************************/
  53          void  main(void)
  54          {
C51 COMPILER V9.60.0.0   MAIN                                                              09/04/2020 11:15:11 PAGE 2   

  55   1        uint8 idata nAsrRes;
  56   1        uint8 i=0;
  57   1        P1M0 = 0xFF;
  58   1        P1M1 = 0x00;
  59   1        SRD1 = SRD2 = SRD3 = SRD4 =0;
  60   1        Led_test();
  61   1        MCU_init();
  62   1        LD_Reset();
  63   1        UartIni(); /*串口初始化*/
  64   1        nAsrStatus = LD_ASR_NONE;   //  初始状态：没有在作ASR
  65   1      
  66   1        while(1)
  67   1        {
  68   2          switch(nAsrStatus)
  69   2          {
  70   3          case LD_ASR_RUNING:
  71   3          case LD_ASR_ERROR:
  72   3            break;
  73   3          case LD_ASR_NONE:
  74   3          {
  75   4            nAsrStatus=LD_ASR_RUNING;
  76   4            if (RunASR()==0)  /*  启动一次ASR识别流程：ASR初始化，ASR添加关键词语，启动ASR运算*/
  77   4            {
  78   5              nAsrStatus = LD_ASR_ERROR;
  79   5            }
  80   4            break;
  81   4          }
  82   3          case LD_ASR_FOUNDOK: /* 一次ASR识别流程结束，去取ASR识别结果*/
  83   3          {
  84   4            nAsrRes = LD_GetResult();   /*获取结果*/
  85   4            User_handle(nAsrRes);//用户执行函数
  86   4            nAsrStatus = LD_ASR_NONE;
  87   4            break;
  88   4          }
  89   3          case LD_ASR_FOUNDZERO:
  90   3          default:
  91   3          {
  92   4            nAsrStatus = LD_ASR_NONE;
  93   4            break;
  94   4          }
  95   3          }// switch
  96   2        }// while
  97   1      
  98   1      }
  99          /***********************************************************
 100          * 名    称：   LED灯测试
 101          * 功    能： 单片机是否工作指示
 102          * 入口参数： 无
 103          * 出口参数：无
 104          * 说    明：
 105          **********************************************************/
 106          void Led_test(void)
 107          {
 108   1        LED=~ LED;
 109   1        Delay200ms();
 110   1        LED=~ LED;
 111   1        Delay200ms();
 112   1        LED=~ LED;
 113   1        Delay200ms();
 114   1        LED=~ LED;
 115   1        Delay200ms();
 116   1        LED=~ LED;
C51 COMPILER V9.60.0.0   MAIN                                                              09/04/2020 11:15:11 PAGE 3   

 117   1        Delay200ms();
 118   1        LED=~ LED;
 119   1      }
 120          /***********************************************************
 121          * 名    称： void MCU_init()
 122          * 功    能： 单片机初始化
 123          * 入口参数：
 124          * 出口参数：
 125          * 说    明：
 126          * 调用方法：
 127          **********************************************************/
 128          void MCU_init()
 129          {
 130   1        P0 = 0xff;
 131   1        P1 = 0x00;
 132   1        P2 = 0xff;
 133   1        P3 = 0xff;
 134   1        P4 = 0xff;
 135   1      
 136   1      
 137   1        LD_MODE = 0;    //  设置MD管脚为低，并行模式读写
 138   1        IE0=1;
 139   1        EX0=1;
 140   1        EA=1;
 141   1      }
 142          /***********************************************************
 143          * 名    称：  延时函数
 144          * 功    能：
 145          * 入口参数：
 146          * 出口参数：
 147          * 说    明：
 148          * 调用方法：
 149          **********************************************************/
 150          void Delay200us()   //@22.1184MHz
 151          {
 152   1        unsigned char i, j;
 153   1        _nop_();
 154   1        _nop_();
 155   1        i = 5;
 156   1        j = 73;
 157   1        do
 158   1        {
 159   2          while (--j);
 160   2        }
 161   1        while (--i);
 162   1      }
 163          
 164          void  delay(unsigned long uldata)
 165          {
 166   1        unsigned int j  =  0;
 167   1        unsigned int g  =  0;
 168   1        while(uldata--)
 169   1          Delay200us();
 170   1      }
 171          
 172          void Delay200ms()   //@22.1184MHz
 173          {
 174   1        unsigned char i, j, k;
 175   1      
 176   1        i = 17;
 177   1        j = 208;
 178   1        k = 27;
C51 COMPILER V9.60.0.0   MAIN                                                              09/04/2020 11:15:11 PAGE 4   

 179   1        do
 180   1        {
 181   2          do
 182   2          {
 183   3            while (--k);
 184   3          }
 185   2          while (--j);
 186   2        }
 187   1        while (--i);
 188   1      }
 189          
 190          /***********************************************************
 191          * 名    称： 中断处理函数
 192          * 功    能：
 193          * 入口参数：
 194          * 出口参数：
 195          * 说    明：
 196          * 调用方法：
 197          **********************************************************/
 198          void ExtInt0Handler(void) interrupt 0
 199          {
 200   1        ProcessInt0();
 201   1      }
 202          /***********************************************************
 203          * 名    称：用户执行函数
 204          * 功    能：识别成功后，执行动作可在此进行修改
 205          * 入口参数： 无
 206          * 出口参数：无
 207          * 说    明：
 208          **********************************************************/
 209          void  User_handle(uint8 dat)
 210          {
 211   1        if(0==dat)
 212   1        {
 213   2          G0_flag=ENABLE;
 214   2          OUT1 = 1;
 215   2          OUT2 = 1;
 216   2          OUT3 = 0;
 217   2          OUT4 = 1;
 218   2          OUT5 = 1;
 219   2          OUT6 = 1;
 220   2          OUT7 = 1;
 221   2          Delay200ms();
 222   2          OUT1 = 1;
 223   2          OUT2 = 1;
 224   2          OUT3 = 1;
 225   2          OUT4 = 1;
 226   2          OUT5 = 1;
 227   2          OUT6 = 1;
 228   2          OUT7 = 1;
 229   2          PrintCom("我在\r\n");
 230   2          LED = 0;
 231   2        }
 232   1        else if(ENABLE==G0_flag)
 233   1        {
 234   2          G0_flag=DISABLE;
 235   2          LED=1;
 236   2          switch(dat)
 237   2          {
 238   3          case CODE_1:   /*bo fang yin yue*/
 239   3          OUT1 = 0;
 240   3          OUT2 = 1;
C51 COMPILER V9.60.0.0   MAIN                                                              09/04/2020 11:15:11 PAGE 5   

 241   3          OUT3 = 1;
 242   3          OUT4 = 1;
 243   3          OUT5 = 1;
 244   3          OUT6 = 1;
 245   3          OUT7 = 1;
 246   3          Delay200ms();
 247   3          Delay200ms();
 248   3          OUT1 = 1;
 249   3          OUT2 = 1;
 250   3          OUT3 = 1;
 251   3          OUT4 = 1;
 252   3          OUT5 = 1;
 253   3          OUT6 = 1;
 254   3          OUT7 = 1;
 255   3          LED = 1;
 256   3          break;
 257   3        case CODE_2:   /*shi fen zhong*/
 258   3          OUT1 = 1;
 259   3          OUT2 = 1;
 260   3          OUT3 = 1;
 261   3          OUT4 = 0;
 262   3          OUT5 = 0;
 263   3          OUT6 = 0;
 264   3          OUT7 = 1;
 265   3          Delay200ms();
 266   3          Delay200ms();
 267   3          OUT1 = 1;
 268   3          OUT2 = 1;
 269   3          OUT3 = 1;
 270   3          OUT4 = 1;
 271   3          OUT5 = 1;
 272   3          OUT6 = 1;
 273   3          OUT7 = 1;
 274   3          LED = 1;
 275   3          break;
 276   3        case CODE_3:    /*wan shang hao*/
 277   3          OUT1 = 1;
 278   3          OUT2 = 1;
 279   3          OUT3 = 1;
 280   3          OUT4 = 0;
 281   3          OUT5 = 0;
 282   3          OUT6 = 1;
 283   3          OUT7 = 0;
 284   3          Delay200ms();
 285   3          Delay200ms();
 286   3          OUT1 = 1;
 287   3          OUT2 = 1;
 288   3          OUT3 = 1;
 289   3          OUT4 = 1;
 290   3          OUT5 = 1;
 291   3          OUT6 = 1;
 292   3          OUT7 = 1;
 293   3          LED = 1;
 294   3          break;
 295   3        case CODE_4:    /*wo ai ni*/
 296   3          OUT1 = 1;
 297   3          OUT2 = 1;
 298   3          OUT3 = 1;
 299   3          OUT4 = 0;
 300   3          OUT5 = 0;
 301   3          OUT6 = 1;
 302   3          OUT7 = 1;
C51 COMPILER V9.60.0.0   MAIN                                                              09/04/2020 11:15:11 PAGE 6   

 303   3          Delay200ms();
 304   3          Delay200ms();
 305   3          OUT1 = 1;
 306   3          OUT2 = 1;
 307   3          OUT3 = 1;
 308   3          OUT4 = 1;
 309   3          OUT5 = 1;
 310   3          OUT6 = 1;
 311   3          OUT7 = 1;
 312   3          LED = 1;
 313   3          break;
 314   3        case CODE_5:    /*wo shi shei*/
 315   3          OUT1 = 1;
 316   3          OUT2 = 0;
 317   3          OUT3 = 1;
 318   3          OUT4 = 1;
 319   3          OUT5 = 1;
 320   3          OUT6 = 1;
 321   3          OUT7 = 1;
 322   3          Delay200ms();
 323   3          Delay200ms();
 324   3          OUT1 = 1;
 325   3          OUT2 = 1;
 326   3          OUT3 = 1;
 327   3          OUT4 = 1;
 328   3          OUT5 = 1;
 329   3          OUT6 = 1;
 330   3          OUT7 = 1;
 331   3          LED = 1;
 332   3          break;
 333   3        case CODE_6:    /*deng guang xiu*/
 334   3          OUT1 = 1;
 335   3          OUT2 = 1;
 336   3          OUT3 = 1;
 337   3          OUT4 = 0;
 338   3          OUT5 = 1;
 339   3          OUT6 = 0;
 340   3          OUT7 = 0;
 341   3          Delay200ms();
 342   3          Delay200ms();
 343   3          OUT1 = 1;
 344   3          OUT2 = 1;
 345   3          OUT3 = 1;
 346   3          OUT4 = 1;
 347   3          OUT5 = 1;
 348   3          OUT6 = 1;
 349   3          OUT7 = 1;
 350   3          LED = 1;
 351   3          break;
 352   3        case CODE_7:    /*da kai deng*/
 353   3          OUT1 = 1;
 354   3          OUT2 = 1;
 355   3          OUT3 = 1;
 356   3          OUT4 = 0;
 357   3          OUT5 = 1;
 358   3          OUT6 = 0;
 359   3          OUT7 = 1;
 360   3          Delay200ms();
 361   3          Delay200ms();
 362   3          OUT1 = 1;
 363   3          OUT2 = 1;
 364   3          OUT3 = 1;
C51 COMPILER V9.60.0.0   MAIN                                                              09/04/2020 11:15:11 PAGE 7   

 365   3          OUT4 = 1;
 366   3          OUT5 = 1;
 367   3          OUT6 = 1;
 368   3          OUT7 = 1;
 369   3          LED = 1;
 370   3          break;
 371   3        case CODE_8:    /*guan deng*/
 372   3          OUT1 = 1;
 373   3          OUT2 = 1;
 374   3          OUT3 = 1;
 375   3          OUT4 = 0;
 376   3          OUT5 = 1;
 377   3          OUT6 = 1;
 378   3          OUT7 = 0;
 379   3          Delay200ms();
 380   3          Delay200ms();
 381   3          OUT1 = 1;
 382   3          OUT2 = 1;
 383   3          OUT3 = 1;
 384   3          OUT4 = 1;
 385   3          OUT5 = 1;
 386   3          OUT6 = 1;
 387   3          OUT7 = 1;
 388   3          LED = 1;
 389   3          break;
 390   3        case CODE_9:   /*liang yi dian*/
 391   3          OUT1 = 1;
 392   3          OUT2 = 1;
 393   3          OUT3 = 1;
 394   3          OUT4 = 0;
 395   3          OUT5 = 1;
 396   3          OUT6 = 1;
 397   3          OUT7 = 1;
 398   3          Delay200ms();
 399   3          Delay200ms();
 400   3          OUT1 = 1;
 401   3          OUT2 = 1;
 402   3          OUT3 = 1;
 403   3          OUT4 = 1;
 404   3          OUT5 = 1;
 405   3          OUT6 = 1;
 406   3          OUT7 = 1;
 407   3          LED = 1;
 408   3          break;
 409   3        case CODE_10:  /*an yi dian*/
 410   3          OUT1 = 1;
 411   3          OUT2 = 1;
 412   3          OUT3 = 1;
 413   3          OUT4 = 1;
 414   3          OUT5 = 0;
 415   3          OUT6 = 0;
 416   3          OUT7 = 0;
 417   3          Delay200ms();
 418   3          Delay200ms();
 419   3          OUT1 = 1;
 420   3          OUT2 = 1;
 421   3          OUT3 = 1;
 422   3          OUT4 = 1;
 423   3          OUT5 = 1;
 424   3          OUT6 = 1;
 425   3          OUT7 = 1;
 426   3          LED = 1;
C51 COMPILER V9.60.0.0   MAIN                                                              09/04/2020 11:15:11 PAGE 8   

 427   3          break;
 428   3        case CODE_11:   /*cai de deng*/
 429   3          OUT1 = 1;
 430   3          OUT2 = 1;
 431   3          OUT3 = 1;
 432   3          OUT4 = 1;
 433   3          OUT5 = 0;
 434   3          OUT6 = 0;
 435   3          OUT7 = 1;
 436   3          Delay200ms();
 437   3          Delay200ms();
 438   3          OUT1 = 1;
 439   3          OUT2 = 1;
 440   3          OUT3 = 1;
 441   3          OUT4 = 1;
 442   3          OUT5 = 1;
 443   3          OUT6 = 1;
 444   3          OUT7 = 1;
 445   3          LED = 1;
 446   3          break;
 447   3        case CODE_12:   /*cheng se deng*/
 448   3          OUT1 = 1;
 449   3          OUT2 = 1;
 450   3          OUT3 = 1;
 451   3          OUT4 = 1;
 452   3          OUT5 = 0;
 453   3          OUT6 = 1;
 454   3          OUT7 = 0;
 455   3          Delay200ms();
 456   3          Delay200ms();
 457   3          OUT1 = 1;
 458   3          OUT2 = 1;
 459   3          OUT3 = 1;
 460   3          OUT4 = 1;
 461   3          OUT5 = 1;
 462   3          OUT6 = 1;
 463   3          OUT7 = 1;
 464   3          LED = 1;
 465   3          break;
 466   3        case CODE_13:   /*lv se deng*/
 467   3          OUT1 = 1;
 468   3          OUT2 = 1;
 469   3          OUT3 = 1;
 470   3          OUT4 = 1;
 471   3          OUT5 = 0;
 472   3          OUT6 = 1;
 473   3          OUT7 = 1;
 474   3          Delay200ms();
 475   3          Delay200ms();
 476   3          OUT1 = 1;
 477   3          OUT2 = 1;
 478   3          OUT3 = 1;
 479   3          OUT4 = 1;
 480   3          OUT5 = 1;
 481   3          OUT6 = 1;
 482   3          OUT7 = 1;
 483   3          LED = 1;
 484   3          break;
 485   3        case CODE_14:   /*lan se deng*/
 486   3          OUT1 = 1;
 487   3          OUT2 = 1;
 488   3          OUT3 = 1;
C51 COMPILER V9.60.0.0   MAIN                                                              09/04/2020 11:15:11 PAGE 9   

 489   3          OUT4 = 1;
 490   3          OUT5 = 1;
 491   3          OUT6 = 0;
 492   3          OUT7 = 0;
 493   3          Delay200ms();
 494   3          Delay200ms();
 495   3          OUT1 = 1;
 496   3          OUT2 = 1;
 497   3          OUT3 = 1;
 498   3          OUT4 = 1;
 499   3          OUT5 = 1;
 500   3          OUT6 = 1;
 501   3          OUT7 = 1;
 502   3          LED = 1;
 503   3          break;
 504   3        case CODE_15:   /*fen se deng*/
 505   3          OUT1 = 1;
 506   3          OUT2 = 1;
 507   3          OUT3 = 1;
 508   3          OUT4 = 1;
 509   3          OUT5 = 1;
 510   3          OUT6 = 0;
 511   3          OUT7 = 1;
 512   3          Delay200ms();
 513   3          Delay200ms();
 514   3          OUT1 = 1;
 515   3          OUT2 = 1;
 516   3          OUT3 = 1;
 517   3          OUT4 = 1;
 518   3          OUT5 = 1;
 519   3          OUT6 = 1;
 520   3          OUT7 = 1;
 521   3          LED = 1;
 522   3          break;
 523   3        case CODE_16:   /*zi se deng*/
 524   3          OUT1 = 1;
 525   3          OUT2 = 1;
 526   3          OUT3 = 1;
 527   3          OUT4 = 1;
 528   3          OUT5 = 1;
 529   3          OUT6 = 1;
 530   3          OUT7 = 0;
 531   3          Delay200ms();
 532   3          Delay200ms();
 533   3          OUT1 = 1;
 534   3          OUT2 = 1;
 535   3          OUT3 = 1;
 536   3          OUT4 = 1;
 537   3          OUT5 = 1;
 538   3          OUT6 = 1;
 539   3          OUT7 = 1;
 540   3          LED = 1;
 541   3          break;
 542   3          default:/*text.....*/
 543   3            break;
 544   3          }
 545   2        }
 546   1        else
 547   1        {
 548   2          PrintCom("ERR0R\r\n");
 549   2          LED = 1;
 550   2        }
C51 COMPILER V9.60.0.0   MAIN                                                              09/04/2020 11:15:11 PAGE 10  

 551   1      }


MODULE INFORMATION:   STATIC OVERLAYABLE
   CODE SIZE        =    595    ----
   CONSTANT SIZE    =     15    ----
   XDATA SIZE       =   ----    ----
   PDATA SIZE       =   ----    ----
   DATA SIZE        =      1      10
   IDATA SIZE       =      1       1
   BIT SIZE         =   ----    ----
END OF MODULE INFORMATION.


C51 COMPILATION COMPLETE.  0 WARNING(S),  0 ERROR(S)
