C51 COMPILER V9.01   LDCHIP                                                                01/15/2020 10:34:43 PAGE 1   


C51 COMPILER V9.01, COMPILATION OF MODULE LDCHIP
OBJECT MODULE PLACED IN ..\obj\LDChip.obj
COMPILER INVOKED BY: D:\Kail V4\C51\BIN\C51.EXE ..\code\LDChip.c BROWSE INCDIR(..\code;..\user) DEBUG OBJECTEXTEND PRINT
                    -(.\LDChip.lst) OBJECT(..\obj\LDChip.obj)

line level    source

   1          #include "config.h"
   2          
   3          extern void  delay(unsigned long uldata);
   4          
   5          uint8 idata ucRegVal;
   6          extern uint8 idata nAsrStatus;
   7          
   8          void ProcessInt0(void);
   9          
  10          void LD_Reset()
  11          {
  12   1        RSTB=1;
  13   1        delay(5);
  14   1        RSTB=0;
  15   1        delay(5);
  16   1        RSTB=1;
  17   1      
  18   1        delay(5);
  19   1        CSB=0;
  20   1        delay(5);
  21   1        CSB=1;
  22   1        delay(5);
  23   1      }
  24          
  25          //功能描述： LD模块命令初始化
  26          void LD_Init_Common()
  27          {
  28   1        LD_ReadReg(0x06);
  29   1        LD_WriteReg(0x17, 0x35);
  30   1        delay(10);
  31   1        LD_ReadReg(0x06);
  32   1      
  33   1        LD_WriteReg(0x89, 0x03);
  34   1        delay(5);
  35   1        LD_WriteReg(0xCF, 0x43);
  36   1        delay(5);
  37   1        LD_WriteReg(0xCB, 0x02);
  38   1      
  39   1        /*PLL setting*/
  40   1        LD_WriteReg(0x11, LD_PLL_11);
  41   1      
  42   1        LD_WriteReg(0x1E,0x00);
  43   1        LD_WriteReg(0x19, LD_PLL_ASR_19);
  44   1        LD_WriteReg(0x1B, LD_PLL_ASR_1B);
  45   1        LD_WriteReg(0x1D, LD_PLL_ASR_1D);
  46   1        delay(10);
  47   1      
  48   1        LD_WriteReg(0xCD, 0x04);
  49   1      //      LD_WriteReg(0x17, 0x4c);
  50   1        delay(5);
  51   1        LD_WriteReg(0xB9, 0x00);
  52   1        LD_WriteReg(0xCF, 0x4F);
  53   1        LD_WriteReg(0x6F, 0xFF);
  54   1      }
C51 COMPILER V9.01   LDCHIP                                                                01/15/2020 10:34:43 PAGE 2   

  55          
  56          void LD_Init_ASR()
  57          {
  58   1        LD_Init_Common();
  59   1        LD_WriteReg(0xBD, 0x00);
  60   1        LD_WriteReg(0x17, 0x48);
  61   1        delay( 10 );
  62   1        LD_WriteReg(0x3C, 0x80);
  63   1        LD_WriteReg(0x3E, 0x07);
  64   1        LD_WriteReg(0x38, 0xff);
  65   1        LD_WriteReg(0x3A, 0x07);
  66   1        LD_WriteReg(0x40, 0);
  67   1        LD_WriteReg(0x42, 8);
  68   1        LD_WriteReg(0x44, 0);
  69   1        LD_WriteReg(0x46, 8);
  70   1        delay( 1 );
  71   1      }
  72          
  73          void ProcessInt0(void)
  74          {
  75   1        uint8 nAsrResCount=0;
  76   1      
  77   1        EX0=0;
  78   1        ucRegVal = LD_ReadReg(0x2B);
  79   1        LD_WriteReg(0x29,0) ;
  80   1        LD_WriteReg(0x02,0) ;
  81   1        if((ucRegVal & 0x10) &&
  82   1            LD_ReadReg(0xb2)==0x21 &&
  83   1            LD_ReadReg(0xbf)==0x35)                   /*识别成功*/
  84   1        {
  85   2          nAsrResCount = LD_ReadReg(0xba);
  86   2          if(nAsrResCount>0 && nAsrResCount<=4)
  87   2          {
  88   3            nAsrStatus=LD_ASR_FOUNDOK;
  89   3          }
  90   2          else
  91   2          {
  92   3            nAsrStatus=LD_ASR_FOUNDZERO;
  93   3          }
  94   2        }                                                                                                                      /*没有识别结果*/
  95   1        else
  96   1        {
  97   2          nAsrStatus=LD_ASR_FOUNDZERO;
  98   2        }
  99   1      
 100   1        LD_WriteReg(0x2b, 0);
 101   1        LD_WriteReg(0x1C,0);/*写0:ADC不可用*/
 102   1      
 103   1        LD_WriteReg(0x29,0) ;
 104   1        LD_WriteReg(0x02,0) ;
 105   1        LD_WriteReg(0x2B,  0);
 106   1        LD_WriteReg(0xBA, 0);
 107   1        LD_WriteReg(0xBC,0);
 108   1        LD_WriteReg(0x08,1);   /*清除FIFO_DATA*/
 109   1        LD_WriteReg(0x08,0);  /*清除FIFO_DATA后 再次写0*/
 110   1      
 111   1      
 112   1        EX0=1;
 113   1      }
 114          
 115          /************************************************************************
 116          功能描述：      运行ASR识别流程
C51 COMPILER V9.01   LDCHIP                                                                01/15/2020 10:34:43 PAGE 3   

 117          入口参数：      none
 118          返 回 值：  asrflag：1->启动成功， 0―>启动失败
 119          其他说明：      识别顺序如下:
 120                                                          1、RunASR()函数实现了一次完整的ASR语音识别流程
 121                                                          2、LD_AsrStart() 函数实现了ASR初始化
 122                                                          3、LD_AsrAddFixed() 函数实现了添加关键词语到LD3320芯片中
 123                                                          4、LD_AsrRun()  函数启动了一次ASR语音识别流程
 124                                                          任何一次ASR识别流程，都需要按照这个顺序，从初始化开始
 125          **************************************************************************/
 126          uint8 RunASR(void)
 127          {
 128   1        uint8 i=0;
 129   1        uint8 asrflag=0;
 130   1        for (i=0; i<5; i++)                   //      防止由于硬件原因导致LD3320芯片工作不正常，所以一共尝试5次启动ASR识别流程
 131   1        {
 132   2          LD_AsrStart();
 133   2          delay(50);
 134   2          if (LD_AsrAddFixed()==0)
 135   2          {
 136   3            LD_Reset();                       //      LD3320芯片内部出现不正常，立即重启LD3320芯片
 137   3            delay(50);                        //      并从初始化开始重新ASR识别流程
 138   3            continue;
 139   3          }
 140   2          delay(10);
 141   2          if (LD_AsrRun() == 0)
 142   2          {
 143   3            LD_Reset();                       //      LD3320芯片内部出现不正常，立即重启LD3320芯片
 144   3            delay(50);                        //      并从初始化开始重新ASR识别流程
 145   3            continue;
 146   3          }
 147   2          asrflag=1;
 148   2          break;                                      //      ASR流程启动成功，退出当前for循环。开始等待LD3320送出的中断信号
 149   2        }
 150   1      
 151   1        return asrflag;
 152   1      }
 153          /************************************************************************
 154          功能描述：  检测LD模块是否空闲
 155          入口参数：      none
 156          返 回 值：      flag：1-> 空闲
 157          其他说明：      none
 158          **************************************************************************/
 159          uint8 LD_Check_ASRBusyFlag_b2()
 160          {
 161   1        uint8 j;
 162   1        uint8 flag = 0;
 163   1        for (j=0; j<10; j++)
 164   1        {
 165   2          if (LD_ReadReg(0xb2) == 0x21)
 166   2          {
 167   3            flag = 1;
 168   3            break;
 169   3          }
 170   2          delay(10);
 171   2        }
 172   1        return flag;
 173   1      }
 174          /************************************************************************
 175          功能描述：      启动ASR
 176          入口参数：      none
 177          返 回 值：      none
 178          其他说明：      none
C51 COMPILER V9.01   LDCHIP                                                                01/15/2020 10:34:43 PAGE 4   

 179          **************************************************************************/
 180          void LD_AsrStart()
 181          {
 182   1        LD_Init_ASR();
 183   1      }
 184          /************************************************************************
 185          功能描述：      运行ASR
 186          入口参数：      none
 187          返 回 值：      1：启动成功
 188          其他说明：      none
 189          **************************************************************************/
 190          uint8 LD_AsrRun()
 191          {
 192   1        EX0=0;
 193   1        LD_WriteReg(0x35, MIC_VOL);
 194   1        LD_WriteReg(0x1C, 0x09);
 195   1        LD_WriteReg(0xBD, 0x20);
 196   1        LD_WriteReg(0x08, 0x01);
 197   1        delay( 1 );
 198   1        LD_WriteReg(0x08, 0x00);
 199   1        delay( 1 );
 200   1      
 201   1        if(LD_Check_ASRBusyFlag_b2() == 0)
 202   1        {
 203   2          return 0;
 204   2        }
 205   1      //      LD_WriteReg(0xB6, 0xa); //识别时间       1S
 206   1      //      LD_WriteReg(0xB5, 0x1E); //背景音段时间 300ms
 207   1      //      LD_WriteReg(0xB8, 10); //结束时间
 208   1      
 209   1      //      LD_WriteReg(0x1C, 0x07); //配置双通道音频信号做为输入信号
 210   1        LD_WriteReg(0x1C, 0x0b); //配置麦克风做为输入信号
 211   1      
 212   1      
 213   1        LD_WriteReg(0xB2, 0xff);
 214   1        delay( 1);
 215   1        LD_WriteReg(0x37, 0x06);
 216   1        delay( 1 );
 217   1        LD_WriteReg(0x37, 0x06);
 218   1        delay( 5 );
 219   1        LD_WriteReg(0x29, 0x10);
 220   1      
 221   1        LD_WriteReg(0xBD, 0x00);
 222   1        EX0=1;
 223   1        return 1;
 224   1      }
 225          /************************************************************************
 226          功能描述： 向LD模块添加关键词
 227          入口参数： none
 228          返 回 值： flag：1->添加成功
 229          其他说明： 用户修改.
 230                                                   1、根据如下格式添加拼音关键词，同时注意修改sRecog 和pCode 数组的长度
 231                                                   和对应变了k的循环置。拼音串和识别码是一一对应的。
 232                                                   2、开发者可以学习"语音识别芯片LD3320高阶秘籍.pdf"中
 233                               关于垃圾词语吸收错误的用法，来提供识别效果。
 234          **************************************************************************/
 235          uint8 LD_AsrAddFixed()
 236          {
 237   1        uint8 k, flag;
 238   1        uint8 nAsrAddLength;
 239   1      #define DATE_A 11   /*数组二维数值，语音条数*/
 240   1      
C51 COMPILER V9.01   LDCHIP                                                                01/15/2020 10:34:43 PAGE 5   

 241   1        //在这里更改口令
 242   1      #define DATE_B 20               /*数组一维数值，20为最大字数*/
 243   1      
 244   1        uint8 code sRecog[DATE_A][DATE_B] =
 245   1        {
 246   1          "hei sei rui",\
 247   1          "ni hui chang ge ma",\
 248   1          "cao ni ma",\
 249   1          "ni ma si le",\
 250   1          "guan bi dian shi",\
 251   1          "da kai feng shan",\
 252   1          "guan bi feng shan",\
 253   1          "da kai kong tiao",\
 254   1          "guan bi kong tiao",\
 255   1          "quan bu da kai",\
 256   1          "quan bu guan bi"
 257   1        };
 258   1        uint8 code pCode[DATE_A] =
 259   1        {
 260   1          CODE_CMD,\
 261   1          CODE_1,\
 262   1          CODE_2,\
 263   1          CODE_3,\
 264   1          CODE_4,\
 265   1          CODE_5,\
 266   1          CODE_6,\
 267   1          CODE_7,\
 268   1          CODE_8,\
 269   1          CODE_9,\
 270   1          CODE_10
 271   1        };
 272   1        //识别码与口令一一对应
 273   1        flag = 1;
 274   1        for (k=0; k<DATE_A; k++)
 275   1        {
 276   2      
 277   2          if(LD_Check_ASRBusyFlag_b2() == 0)
 278   2          {
 279   3            flag = 0;
 280   3            break;
 281   3          }
 282   2      
 283   2          LD_WriteReg(0xc1, pCode[k] );
 284   2          LD_WriteReg(0xc3, 0 );
 285   2          LD_WriteReg(0x08, 0x04);
 286   2          delay(1);
 287   2          LD_WriteReg(0x08, 0x00);
 288   2          delay(1);
 289   2      
 290   2          for (nAsrAddLength=0; nAsrAddLength<DATE_B; nAsrAddLength++)
 291   2          {
 292   3            if (sRecog[k][nAsrAddLength] == 0)
 293   3              break;
 294   3            LD_WriteReg(0x5, sRecog[k][nAsrAddLength]);
 295   3          }
 296   2          LD_WriteReg(0xb9, nAsrAddLength);
 297   2          LD_WriteReg(0xb2, 0xff);
 298   2          LD_WriteReg(0x37, 0x04);
 299   2        }
 300   1        return flag;
 301   1      }
 302          
C51 COMPILER V9.01   LDCHIP                                                                01/15/2020 10:34:43 PAGE 6   

 303          uint8 LD_GetResult()
 304          {
 305   1        return LD_ReadReg(0xc5 );
 306   1      }
 307          
 308          
 309          


MODULE INFORMATION:   STATIC OVERLAYABLE
   CODE SIZE        =    897    ----
   CONSTANT SIZE    =    231    ----
   XDATA SIZE       =   ----    ----
   PDATA SIZE       =   ----    ----
   DATA SIZE        =   ----       8
   IDATA SIZE       =      1    ----
   BIT SIZE         =   ----    ----
END OF MODULE INFORMATION.


C51 COMPILATION COMPLETE.  0 WARNING(S),  0 ERROR(S)
