C51 COMPILER V9.01   MAIN                                                                  01/15/2020 10:34:43 PAGE 1   


C51 COMPILER V9.01, COMPILATION OF MODULE MAIN
OBJECT MODULE PLACED IN ..\obj\main.obj
COMPILER INVOKED BY: D:\Kail V4\C51\BIN\C51.EXE ..\code\main.c BROWSE INCDIR(..\code;..\user) DEBUG OBJECTEXTEND PRINT(.
                    -\main.lst) OBJECT(..\obj\main.obj)

line level    source

   1          #include "config.h"
   2          /************************************************************************************/
   3          //      nAsrStatus 用来在main主程序中表示程序运行的状态，不是LD3320芯片内部的状态寄存器
   4          //      LD_ASR_NONE:            表示没有在作ASR识别
   5          //      LD_ASR_RUNING：         表示LD3320正在作ASR识别中
   6          //      LD_ASR_FOUNDOK:         表示一次识别流程结束后，有一个识别结果
   7          //      LD_ASR_FOUNDZERO:       表示一次识别流程结束后，没有识别结果
   8          //      LD_ASR_ERROR:           表示一次识别流程中LD3320芯片内部出现不正确的状态
   9          /***********************************************************************************/
  10          uint8 idata nAsrStatus=0;
  11          void MCU_init();
  12          void ProcessInt0(); //识别处理函数
  13          void delay(unsigned long uldata);
  14          void User_handle(uint8 dat);//用户执行操作函数
  15          void Delay200ms();
  16          void Led_test(void);//单片机工作指示
  17          uint8_t G0_flag=DISABLE;//运行标志，ENABLE:运行。DISABLE:禁止运行
  18          sbit LED=P4^2;//信号指示灯
  19          
  20          //输出到BY8301的电平
  21          sbit OUT1=P2^7;
  22          sbit OUT2=P2^6;
  23          sbit OUT3=P2^5;
  24          sbit OUT4=P2^4;
  25          sbit OUT5=P2^3;
  26          sbit OUT6=P3^3;
  27          
  28          sbit SRD1 = P1^7;
  29          sbit SRD2 = P1^6;
  30          sbit SRD3 = P1^5;
  31          sbit SRD4 = P1^4;
  32          
  33          
  34          /***********************************************************
  35          * 名    称： void  main(void)
  36          * 功    能： 主函数     程序入口
  37          * 入口参数：
  38          * 出口参数：
  39          * 说    明：
  40          * 调用方法：
  41          **********************************************************/
  42          void  main(void)
  43          {
  44   1        uint8 idata nAsrRes;
  45   1        uint8 i=0;
  46   1        P1M0 = 0xFF;
  47   1        P1M1 = 0x00;
  48   1        SRD1 = SRD2 = SRD3 = SRD4 =0;
  49   1        Led_test();
  50   1        MCU_init();
  51   1        LD_Reset();
  52   1        UartIni(); /*串口初始化*/
  53   1        nAsrStatus = LD_ASR_NONE;             //      初始状态：没有在作ASR
  54   1      
C51 COMPILER V9.01   MAIN                                                                  01/15/2020 10:34:43 PAGE 2   

  55   1        while(1)
  56   1        {
  57   2          switch(nAsrStatus)
  58   2          {
  59   3          case LD_ASR_RUNING:
  60   3          case LD_ASR_ERROR:
  61   3            break;
  62   3          case LD_ASR_NONE:
  63   3          {
  64   4            nAsrStatus=LD_ASR_RUNING;
  65   4            if (RunASR()==0)  /*      启动一次ASR识别流程：ASR初始化，ASR添加关键词语，启动ASR运算*/
  66   4            {
  67   5              nAsrStatus = LD_ASR_ERROR;
  68   5            }
  69   4            break;
  70   4          }
  71   3          case LD_ASR_FOUNDOK: /*     一次ASR识别流程结束，去取ASR识别结果*/
  72   3          {
  73   4            nAsrRes = LD_GetResult();         /*获取结果*/
  74   4            User_handle(nAsrRes);//用户执行函数
  75   4            nAsrStatus = LD_ASR_NONE;
  76   4            break;
  77   4          }
  78   3          case LD_ASR_FOUNDZERO:
  79   3          default:
  80   3          {
  81   4            nAsrStatus = LD_ASR_NONE;
  82   4            break;
  83   4          }
  84   3          }// switch
  85   2        }// while
  86   1      
  87   1      }
  88          /***********************************************************
  89          * 名    称：     LED灯测试
  90          * 功    能： 单片机是否工作指示
  91          * 入口参数： 无
  92          * 出口参数：无
  93          * 说    明：
  94          **********************************************************/
  95          void Led_test(void)
  96          {
  97   1        LED=~ LED;
  98   1        Delay200ms();
  99   1        LED=~ LED;
 100   1        Delay200ms();
 101   1        LED=~ LED;
 102   1        Delay200ms();
 103   1        LED=~ LED;
 104   1        Delay200ms();
 105   1        LED=~ LED;
 106   1        Delay200ms();
 107   1        LED=~ LED;
 108   1        Delay200ms();
 109   1        LED=~ LED;
 110   1        Delay200ms();
 111   1        LED=~ LED;
 112   1      }
 113          
 114          void MCU_init()
 115          {
 116   1        P0 = 0xff;
C51 COMPILER V9.01   MAIN                                                                  01/15/2020 10:34:43 PAGE 3   

 117   1        P1 = 0x00;
 118   1        P2 = 0xff;
 119   1        P3 = 0xff;
 120   1        P4 = 0xff;
 121   1      
 122   1      
 123   1        LD_MODE = 0;          //      设置MD管脚为低，并行模式读写
 124   1        IE0=1;
 125   1        EX0=1;
 126   1        EA=1;
 127   1      }
 128          
 129          void Delay200us()               //@22.1184MHz
 130          {
 131   1        unsigned char i, j;
 132   1        _nop_();
 133   1        _nop_();
 134   1        i = 5;
 135   1        j = 73;
 136   1        do
 137   1        {
 138   2          while (--j);
 139   2        }
 140   1        while (--i);
 141   1      }
 142          
 143          void  delay(unsigned long uldata)
 144          {
 145   1        unsigned int j  =  0;
 146   1        unsigned int g  =  0;
 147   1        while(uldata--)
 148   1          Delay200us();
 149   1      }
 150          
 151          void Delay200ms()               //@22.1184MHz
 152          {
 153   1        unsigned char i, j, k;
 154   1      
 155   1        i = 17;
 156   1        j = 208;
 157   1        k = 27;
 158   1        do
 159   1        {
 160   2          do
 161   2          {
 162   3            while (--k);
 163   3          }
 164   2          while (--j);
 165   2        }
 166   1        while (--i);
 167   1      }
 168          
 169          /***********************************************************
 170          * 名    称： 中断处理函数
 171          * 功    能：
 172          * 入口参数：
 173          * 出口参数：
 174          * 说    明：
 175          * 调用方法：
 176          **********************************************************/
 177          void ExtInt0Handler(void) interrupt 0
 178          {
C51 COMPILER V9.01   MAIN                                                                  01/15/2020 10:34:43 PAGE 4   

 179   1        ProcessInt0();
 180   1      }
 181          //这个函数用来修改COM返回的指令
 182          void    User_handle(uint8 dat)
 183          {
 184   1        if(0==dat)
 185   1        {
 186   2          G0_flag=ENABLE;
 187   2                      PrintCom("我在\r\n");
 188   2                      OUT1 = 0;
 189   2                      Delay200ms();
 190   2                      Delay200ms();
 191   2                      OUT1 = 1;
 192   2          LED=0;
 193   2        }
 194   1        else if(ENABLE==G0_flag)
 195   1        {
 196   2          G0_flag=DISABLE;
 197   2          LED=1;
 198   2          switch(dat)
 199   2                      {
 200   3                      case CODE_1:     /*命令“你会唱歌吗”*/
 201   3                              SRD1 = 1;
 202   3                              PrintCom("好\r\n");
 203   3                              OUT2 = 0;
 204   3                              Delay200ms();
 205   3                              Delay200ms();
 206   3                              OUT2 = 1;
 207   3                              break;
 208   3                      case CODE_2:     /*命令“操你妈”*/
 209   3                              SRD1 = 0;
 210   3                              PrintCom("这话我没法接\r\n");
 211   3                              OUT3 = 0;
 212   3                              Delay200ms();
 213   3                              Delay200ms();
 214   3                              OUT3 = 1;
 215   3                              break;
 216   3                      case CODE_3:            /*命令“你妈死了”*/
 217   3                              SRD2 = 1;
 218   3                              PrintCom("说好的以礼相待呢\r\n");
 219   3                              OUT4 = 0;
 220   3                              Delay200ms();
 221   3                              Delay200ms();
 222   3                              OUT4 = 1;
 223   3                              break;
 224   3                      case CODE_4:            /*命令“关闭电视”*/
 225   3                              SRD2 = 0;
 226   3                              PrintCom("04电视机已关闭\r\n");
 227   3                              break;
 228   3                      case CODE_5:            /*命令“打开风扇”*/
 229   3                              SRD3 = 1;
 230   3                              PrintCom("05风扇已打开\r\n");
 231   3                              break;
 232   3                      case CODE_6:            /*命令“关闭风扇”*/
 233   3                              SRD3 = 0;
 234   3                              PrintCom("06风扇已关闭\r\n");
 235   3                              break;
 236   3                      case CODE_7:            /*命令“打开空调”*/
 237   3                              SRD4 = 1;
 238   3                              PrintCom("07空调已打开\r\n");
 239   3                              break;
 240   3                      case CODE_8:            /*命令“关闭空调”*/
C51 COMPILER V9.01   MAIN                                                                  01/15/2020 10:34:43 PAGE 5   

 241   3                              SRD4 = 0;
 242   3                              PrintCom("08空调已关闭\r\n");
 243   3                              break;
 244   3                      case CODE_9:            /*命令“全部打开”*/
 245   3                              SRD1 = 1;
 246   3                              SRD2 = 1;
 247   3                              SRD3 = 1;
 248   3                              SRD4 = 1;
 249   3                              PrintCom("09已全部打开\r\n");
 250   3                              break;
 251   3                      case CODE_10:           /*命令“全部关闭”*/
 252   3                              SRD1 = 0;
 253   3                              SRD2 = 0;
 254   3                              SRD3 = 0;
 255   3                              SRD4 = 0;
 256   3                              PrintCom("10已全部关闭\r\n");
 257   3                              break;
 258   3                      //这里可以增加好多，最多19个
 259   3                      default:/*text.....*/
 260   3                              break;
 261   3                      }
 262   2        }
 263   1        else
 264   1        {
 265   2          PrintCom("请说出一级口令\r\n"); /*text.....*/
 266   2              //没说一级口令
 267   2        }
 268   1      }


MODULE INFORMATION:   STATIC OVERLAYABLE
   CODE SIZE        =    505    ----
   CONSTANT SIZE    =    169    ----
   XDATA SIZE       =   ----    ----
   PDATA SIZE       =   ----    ----
   DATA SIZE        =      1      10
   IDATA SIZE       =      1       1
   BIT SIZE         =   ----    ----
END OF MODULE INFORMATION.


C51 COMPILATION COMPLETE.  0 WARNING(S),  0 ERROR(S)
