C51 COMPILER V9.01   USART                                                                 01/15/2020 10:34:43 PAGE 1   


C51 COMPILER V9.01, COMPILATION OF MODULE USART
OBJECT MODULE PLACED IN ..\obj\usart.obj
COMPILER INVOKED BY: D:\Kail V4\C51\BIN\C51.EXE ..\user\usart.c BROWSE INCDIR(..\code;..\user) DEBUG OBJECTEXTEND PRINT(
                    -.\usart.lst) OBJECT(..\obj\usart.obj)

line level    source

   1          
   2          #include "config.h"
   3          #define FOSC 22118400L      //System frequency
   4          uint32_t baud=9600;           //UART baudrate
   5          /************************************************************************
   6          函 数 名： 串口初始化
   7          功能描述： STC10L08XE 单片机串口初始化函数
   8          返回函数： none
   9          其他说明： none
  10          **************************************************************************/
  11          void UartIni(void)
  12          {
  13   1          SCON = 0x50;            //8-bit variable UART
  14   1          TMOD = 0x20;            //Set Timer1 as 8-bit auto reload mode
  15   1          TH1 = TL1 = -(FOSC/12/32/baud); //Set auto-reload vaule
  16   1          TR1 = 1;                //Timer1 start run
  17   1          ES = 1;                 //Enable UART interrupt
  18   1          EA = 1;                 //Open master interrupt switch
  19   1      }
  20          /************************************************************************
  21          功能描述：      串口发送一字节数据
  22          入口参数：      DAT:带发送的数据
  23          返 回 值：      none
  24          其他说明：      none
  25          **************************************************************************/
  26          void UARTSendByte(uint8_t DAT)
  27          {
  28   1              ES  =  0;
  29   1              TI=0;
  30   1              SBUF = DAT;
  31   1              while(TI==0);
  32   1              TI=0;
  33   1              ES = 1;
  34   1      }
  35          /************************************************************************
  36          功能描述： 串口发送字符串数据
  37          入口参数：      *DAT：字符串指针
  38          返 回 值： none
  39          其他说明： API 供外部使用，直观！
  40          **************************************************************************/
  41          void PrintCom(uint8_t *DAT)
  42          {
  43   1              while(*DAT)
  44   1              {
  45   2                      UARTSendByte(*DAT++);
  46   2              }       
  47   1      }
  48          


MODULE INFORMATION:   STATIC OVERLAYABLE
   CODE SIZE        =     90    ----
   CONSTANT SIZE    =   ----    ----
   XDATA SIZE       =   ----    ----
C51 COMPILER V9.01   USART                                                                 01/15/2020 10:34:43 PAGE 2   

   PDATA SIZE       =   ----    ----
   DATA SIZE        =      2       3
   IDATA SIZE       =   ----    ----
   BIT SIZE         =   ----    ----
END OF MODULE INFORMATION.


C51 COMPILATION COMPLETE.  0 WARNING(S),  0 ERROR(S)
